Unity Editor version:    2020.3.18f1 (a7d1c678663c)
Branch:                  2020.3/staging
Build type:              Release
Batch mode:              YES
macOS version:           Version 11.5.2 (Build 20G95)
Darwin version:          20.6.0
Architecture:            x86_64
Running under Rosetta:   NO
Available memory:        16384 MB
Using pre-set license
Pro License: NO

COMMAND LINE ARGUMENTS:
/Applications/Unity/Hub/Editor/2020.3.18f1/Unity.app/Contents/MacOS/Unity
-adb2
-batchMode
-noUpm
-name
AssetImportWorker0
-projectPath
/Users/danilbekhter/Downloads/arfoundation-demos-master
-logFile
Logs/AssetImportWorker0.log
-srvPort
51156
Successfully changed project path to: /Users/danilbekhter/Downloads/arfoundation-demos-master
/Users/danilbekhter/Downloads/arfoundation-demos-master
Using Asset Import Pipeline V2.
Refreshing native plugins compatible for Editor in 60.79 ms, found 1 plugins.
Preloading 0 native plugins for Editor in 0.00 ms.
Initialize engine version: 2020.3.18f1 (a7d1c678663c)
[Subsystems] Discovering subsystems at path /Applications/Unity/Hub/Editor/2020.3.18f1/Unity.app/Contents/Resources/UnitySubsystems
[Subsystems] Discovering subsystems at path /Users/danilbekhter/Downloads/arfoundation-demos-master/Assets
GfxDevice: creating device client; threaded=0
2022-02-02 09:21:20.632 Unity[70984:1484123] Color LCD preferred device: Intel(R) UHD Graphics 630 (low power)
2022-02-02 09:21:20.632 Unity[70984:1484123] Metal devices available: 2
2022-02-02 09:21:20.632 Unity[70984:1484123] 0: AMD Radeon Pro 560X (high power)
2022-02-02 09:21:20.632 Unity[70984:1484123] 1: Intel(R) UHD Graphics 630 (low power)
2022-02-02 09:21:20.632 Unity[70984:1484123] Using device AMD Radeon Pro 560X (high power)
Initializing Metal device caps: AMD Radeon Pro 560X
Initialize mono
Mono path[0] = '/Applications/Unity/Hub/Editor/2020.3.18f1/Unity.app/Contents/Managed'
Mono path[1] = '/Applications/Unity/Hub/Editor/2020.3.18f1/Unity.app/Contents/MonoBleedingEdge/lib/mono/unityjit'
Mono config path = '/Applications/Unity/Hub/Editor/2020.3.18f1/Unity.app/Contents/MonoBleedingEdge/etc'
Using monoOptions --debugger-agent=transport=dt_socket,embedding=1,server=y,suspend=n,address=127.0.0.1:56984
Begin MonoManager ReloadAssembly
Registering precompiled unity dll's ...
Register platform support module: /Applications/Unity/Hub/Editor/2020.3.18f1/Unity.app/Contents/PlaybackEngines/MacStandaloneSupport/UnityEditor.OSXStandalone.Extensions.dll
Register platform support module: /Applications/Unity/Hub/Editor/2020.3.18f1/PlaybackEngines/WindowsStandaloneSupport/UnityEditor.WindowsStandalone.Extensions.dll
Registered in 0.000686 seconds.
Native extension for WindowsStandalone target not found
Native extension for OSXStandalone target not found
Refreshing native plugins compatible for Editor in 58.12 ms, found 1 plugins.
Preloading 0 native plugins for Editor in 0.00 ms.
Mono: successfully reloaded assembly
- Completed reload, in  1.933 seconds
Domain Reload Profiling:
	ReloadAssembly (1933ms)
		BeginReloadAssembly (46ms)
			ExecutionOrderSort (0ms)
			DisableScriptedObjects (0ms)
			BackupInstance (0ms)
			ReleaseScriptingObjects (0ms)
			CreateAndSetChildDomain (1ms)
		EndReloadAssembly (516ms)
			LoadAssemblies (46ms)
			RebuildTransferFunctionScriptingTraits (0ms)
			SetupTypeCache (208ms)
			ReleaseScriptCaches (0ms)
			RebuildScriptCaches (42ms)
			SetupLoadedEditorAssemblies (207ms)
				LogAssemblyErrors (0ms)
				InitializePlatformSupportModulesInManaged (4ms)
				SetLoadedEditorAssemblies (0ms)
				RefreshPlugins (58ms)
				BeforeProcessingInitializeOnLoad (8ms)
				ProcessInitializeOnLoadAttributes (103ms)
				ProcessInitializeOnLoadMethodAttributes (33ms)
				AfterProcessingInitializeOnLoad (0ms)
				EditorAssembliesLoaded (0ms)
			ExecutionOrderSort2 (0ms)
			AwakeInstancesAfterBackupRestoration (0ms)
Platform modules already initialized, skipping
Registering precompiled user dll's ...
Registered in 0.004330 seconds.
Begin MonoManager ReloadAssembly
Native extension for WindowsStandalone target not found
Native extension for OSXStandalone target not found
Refreshing native plugins compatible for Editor in 63.29 ms, found 1 plugins.
Preloading 0 native plugins for Editor in 0.00 ms.
Mono: successfully reloaded assembly
- Completed reload, in  1.574 seconds
Domain Reload Profiling:
	ReloadAssembly (1575ms)
		BeginReloadAssembly (248ms)
			ExecutionOrderSort (0ms)
			DisableScriptedObjects (7ms)
			BackupInstance (0ms)
			ReleaseScriptingObjects (0ms)
			CreateAndSetChildDomain (46ms)
		EndReloadAssembly (1237ms)
			LoadAssemblies (116ms)
			RebuildTransferFunctionScriptingTraits (0ms)
			SetupTypeCache (417ms)
			ReleaseScriptCaches (1ms)
			RebuildScriptCaches (72ms)
			SetupLoadedEditorAssemblies (482ms)
				LogAssemblyErrors (0ms)
				InitializePlatformSupportModulesInManaged (5ms)
				SetLoadedEditorAssemblies (0ms)
				RefreshPlugins (63ms)
				BeforeProcessingInitializeOnLoad (117ms)
				ProcessInitializeOnLoadAttributes (289ms)
				ProcessInitializeOnLoadMethodAttributes (6ms)
				AfterProcessingInitializeOnLoad (2ms)
				EditorAssembliesLoaded (1ms)
			ExecutionOrderSort2 (0ms)
			AwakeInstancesAfterBackupRestoration (10ms)
Platform modules already initialized, skipping
Validating Project structure ... 0.009422 seconds.
Shader import version has changed; will reimport all shaders...
Upgrading shader files ...0.029757 seconds.
Application.AssetDatabase Initial Script Refresh Start
RefreshInfo: InitialScriptRefreshV2(NoUpdateAssetOptions) scanfilter:  ... 1 filters
RefreshProfiler: Total: 0.000ms
Application.AssetDatabase Initial Script Refresh End
Application.AssetDatabase.Refresh Start
Application.AssetDatabase.Refresh End
RefreshInfo: StopAssetImportingV2(ForceSynchronousImport) scanfilter: 
RefreshProfiler: Total: 0.000ms
Launching external process: /Applications/Unity/Hub/Editor/2020.3.18f1/Unity.app/Contents/Tools/UnityShaderCompiler
Launched and connected shader compiler UnityShaderCompiler after 0.02 seconds
Initializing Unity extensions:
========================================================================
Worker process is ready to serve import requests
Refreshing native plugins compatible for Editor in 0.68 ms, found 1 plugins.
Preloading 0 native plugins for Editor in 0.00 ms.
Unloading 3731 Unused Serialized files (Serialized files now loaded: 0)
System memory in use before: 263.1 MB.
System memory in use after: 262.4 MB.

Unloading 192 unused Assets to reduce memory usage. Loaded Objects now: 4216.
Total: 5.552717 ms (FindLiveObjects: 0.417573 ms CreateObjectMapping: 0.234554 ms MarkObjects: 4.228073 ms  DeleteObjects: 0.671271 ms)

AssetImportParameters requested are different than current active one (requested -> active):
  custom:video-decoder-ogg-theora: a1e56fd34408186e4bbccfd4996cb3dc -> 
  custom:container-muxer-webm: aa71ff27fc2769a1b78a27578f13a17b -> 
  custom:container-demuxer-webm: 4f35f7cbe854078d1ac9338744f61a02 -> 
  custom:container-demuxer-ogg: 62fdf1f143b41e24485cea50d1cbac27 -> 
  custom:video-encoder-webm-vp8: eb34c28f22e8b96e1ab97ce403110664 -> 
  custom:framework-osx-AVFoundation: e770b220cccbd017edd2c1fefb359320 -> 
  custom:video-decoder-webm-vp8: 9c59270c3fd7afecdb556c50c9e8de78 -> 
  custom:audio-decoder-ogg-vorbis: bf7c407c2cedff20999df2af8eb42d56 -> 
  custom:audio-encoder-webm-vorbis: bf7c407c2cedff20999df2af8eb42d56 -> 
========================================================================
Received Import Request.
  path: Assets/Meshing/Prefabs/DeskLamp.prefab
  artifactKey: Guid(01fc672e94398d044bca701fb36e6caf) Importer(815301076,1909f56bfc062723c751e8b465ee728b)
Start importing Assets/Meshing/Prefabs/DeskLamp.prefab using Guid(01fc672e94398d044bca701fb36e6caf) Importer(815301076,1909f56bfc062723c751e8b465ee728b)  -> (artifact id: 'bf15a5176cede35c2c3c7237c590a167') in 1.507526 seconds 
  Import took 1.516153 seconds .

========================================================================
Received Import Request.
  Time since last request: 0.002878 seconds.
  path: Assets/Meshing/Prefabs/BowlApples.prefab
  artifactKey: Guid(00f9450b2413bcd4f84c296f203fb3a0) Importer(815301076,1909f56bfc062723c751e8b465ee728b)
Start importing Assets/Meshing/Prefabs/BowlApples.prefab using Guid(00f9450b2413bcd4f84c296f203fb3a0) Importer(815301076,1909f56bfc062723c751e8b465ee728b)  -> (artifact id: 'ec55d972d7c55cf1f62815a96fd0b206') in 0.733836 seconds 
  Import took 0.741813 seconds .

========================================================================
Received Import Request.
  Time since last request: 0.000237 seconds.
  path: Assets/Meshing/Prefabs/WallMeshPrefab.prefab
  artifactKey: Guid(e6f5d14572c584f3090d269ea8db4a99) Importer(815301076,1909f56bfc062723c751e8b465ee728b)
Start importing Assets/Meshing/Prefabs/WallMeshPrefab.prefab using Guid(e6f5d14572c584f3090d269ea8db4a99) Importer(815301076,1909f56bfc062723c751e8b465ee728b)  -> (artifact id: '28828ada5df147e8889ccc52a25721cf') in 0.005551 seconds 
  Import took 0.014311 seconds .

========================================================================
Received Import Request.
  Time since last request: 0.000324 seconds.
  path: Assets/Meshing/Prefabs/FloorMeshPrefab.prefab
  artifactKey: Guid(1e3dd6678c808421aa745d3b81c8be36) Importer(815301076,1909f56bfc062723c751e8b465ee728b)
Start importing Assets/Meshing/Prefabs/FloorMeshPrefab.prefab using Guid(1e3dd6678c808421aa745d3b81c8be36) Importer(815301076,1909f56bfc062723c751e8b465ee728b)  -> (artifact id: 'c8692335ac52c0306e6b48a9fc54a51e') in 0.005100 seconds 
  Import took 0.012726 seconds .

========================================================================
Received Import Request.
  Time since last request: 0.000283 seconds.
  path: Assets/Meshing/Prefabs/CeilingMeshPrefab.prefab
  artifactKey: Guid(df78a0193875f40ffbb985c1c48a64cb) Importer(815301076,1909f56bfc062723c751e8b465ee728b)
Start importing Assets/Meshing/Prefabs/CeilingMeshPrefab.prefab using Guid(df78a0193875f40ffbb985c1c48a64cb) Importer(815301076,1909f56bfc062723c751e8b465ee728b)  -> (artifact id: '5a1ebf174a39046841c05e8c9af4e1e2') in 0.005412 seconds 
  Import took 0.012264 seconds .

========================================================================
Received Import Request.
  Time since last request: 0.000293 seconds.
  path: Assets/Meshing/Prefabs/AlarmClock.prefab
  artifactKey: Guid(6790a59fefef46943901cf9664057768) Importer(815301076,1909f56bfc062723c751e8b465ee728b)
Start importing Assets/Meshing/Prefabs/AlarmClock.prefab using Guid(6790a59fefef46943901cf9664057768) Importer(815301076,1909f56bfc062723c751e8b465ee728b)  -> (artifact id: '6942c57a333a80dfd7aa9e5190ec0dca') in 0.078050 seconds 
  Import took 0.085952 seconds .

========================================================================
Received Import Request.
  Time since last request: 0.000359 seconds.
  path: Assets/Meshing/Prefabs/PictureFrame1.prefab
  artifactKey: Guid(b7bc3078867d04b4a91a663ec45c1430) Importer(815301076,1909f56bfc062723c751e8b465ee728b)
Start importing Assets/Meshing/Prefabs/PictureFrame1.prefab using Guid(b7bc3078867d04b4a91a663ec45c1430) Importer(815301076,1909f56bfc062723c751e8b465ee728b)  -> (artifact id: 'b5c801c1ab3cc80798997ba5a2ec14fe') in 0.076861 seconds 
  Import took 0.083400 seconds .

========================================================================
Received Import Request.
  Time since last request: 0.000217 seconds.
  path: Assets/Meshing/Prefabs/PictureFrame2.prefab
  artifactKey: Guid(6858dc9dbd949ee40819eda756452574) Importer(815301076,1909f56bfc062723c751e8b465ee728b)
Start importing Assets/Meshing/Prefabs/PictureFrame2.prefab using Guid(6858dc9dbd949ee40819eda756452574) Importer(815301076,1909f56bfc062723c751e8b465ee728b)  -> (artifact id: '9d3a5b197ce67ebd41f366ce2b443b30') in 0.074795 seconds 
  Import took 0.081154 seconds .

========================================================================
Received Import Request.
  Time since last request: 0.000329 seconds.
  path: Assets/Meshing/Prefabs/DoorMeshPrefab.prefab
  artifactKey: Guid(a9e86f72655d942cd88f730ac45ccca9) Importer(815301076,1909f56bfc062723c751e8b465ee728b)
Start importing Assets/Meshing/Prefabs/DoorMeshPrefab.prefab using Guid(a9e86f72655d942cd88f730ac45ccca9) Importer(815301076,1909f56bfc062723c751e8b465ee728b)  -> (artifact id: 'ca85a2d4ff4eba8e2885e1a12a21cfc8') in 0.005284 seconds 
  Import took 0.012699 seconds .

========================================================================
Received Import Request.
  Time since last request: 0.000266 seconds.
  path: Assets/Meshing/Prefabs/WindowMeshPrefab.prefab
  artifactKey: Guid(2d1b3d791cb2545218a1c3dd60d23352) Importer(815301076,1909f56bfc062723c751e8b465ee728b)
Start importing Assets/Meshing/Prefabs/WindowMeshPrefab.prefab using Guid(2d1b3d791cb2545218a1c3dd60d23352) Importer(815301076,1909f56bfc062723c751e8b465ee728b)  -> (artifact id: '4bd26dbc8d93c4008ab5bd8b839c574c') in 0.004954 seconds 
  Import took 0.011290 seconds .

========================================================================
Received Import Request.
  Time since last request: 0.000286 seconds.
  path: Assets/Meshing/Prefabs/TableMeshPrefab.prefab
  artifactKey: Guid(3210f25659e104ac59b34a2ec3fd83c7) Importer(815301076,1909f56bfc062723c751e8b465ee728b)
Start importing Assets/Meshing/Prefabs/TableMeshPrefab.prefab using Guid(3210f25659e104ac59b34a2ec3fd83c7) Importer(815301076,1909f56bfc062723c751e8b465ee728b)  -> (artifact id: '0209213d2dbb7fe0dd1040424eeccff2') in 0.004560 seconds 
  Import took 0.010709 seconds .

========================================================================
Received Import Request.
  Time since last request: 0.000277 seconds.
  path: Assets/Meshing/Prefabs/Chair.prefab
  artifactKey: Guid(e1c50fac07beb724eaf63903c6ec03b2) Importer(815301076,1909f56bfc062723c751e8b465ee728b)
Start importing Assets/Meshing/Prefabs/Chair.prefab using Guid(e1c50fac07beb724eaf63903c6ec03b2) Importer(815301076,1909f56bfc062723c751e8b465ee728b)  -> (artifact id: '1ce1b11684dd89a533467a7c50646c5d') in 0.093498 seconds 
  Import took 0.101369 seconds .

========================================================================
Received Import Request.
  Time since last request: 0.000447 seconds.
  path: Assets/Meshing/Prefabs/Nightstand.prefab
  artifactKey: Guid(e6fc96769fc10f2469c8a92e004c9b97) Importer(815301076,1909f56bfc062723c751e8b465ee728b)
Start importing Assets/Meshing/Prefabs/Nightstand.prefab using Guid(e6fc96769fc10f2469c8a92e004c9b97) Importer(815301076,1909f56bfc062723c751e8b465ee728b)  -> (artifact id: 'b20f57ea5089ce2529426794ce5dfb38') in 0.081372 seconds 
  Import took 0.088605 seconds .

========================================================================
Received Import Request.
  Time since last request: 0.000255 seconds.
  path: Assets/Meshing/Prefabs/Houseplant.prefab
  artifactKey: Guid(e8fa30f6d43ab1b4c81f7796186bff2c) Importer(815301076,1909f56bfc062723c751e8b465ee728b)
Start importing Assets/Meshing/Prefabs/Houseplant.prefab using Guid(e8fa30f6d43ab1b4c81f7796186bff2c) Importer(815301076,1909f56bfc062723c751e8b465ee728b)  -> (artifact id: '31557d6f4cf720d0b30da0392cafadb8') in 0.076509 seconds 
  Import took 0.084336 seconds .

========================================================================
Received Import Request.
  Time since last request: 0.000183 seconds.
  path: Assets/Meshing/Prefabs/NoneMeshPrefab.prefab
  artifactKey: Guid(8e1c7927000fe4cc1bd77fec288e2162) Importer(815301076,1909f56bfc062723c751e8b465ee728b)
Start importing Assets/Meshing/Prefabs/NoneMeshPrefab.prefab using Guid(8e1c7927000fe4cc1bd77fec288e2162) Importer(815301076,1909f56bfc062723c751e8b465ee728b)  -> (artifact id: '8644efcd4c2f209beaf18e823d8b3ae5') in 0.004640 seconds 
  Import took 0.009959 seconds .

========================================================================
Received Import Request.
  Time since last request: 0.000240 seconds.
  path: Assets/Meshing/Prefabs/Clock.prefab
  artifactKey: Guid(ad35b2aa1e9454a4a8e4d1ed47f72cd4) Importer(815301076,1909f56bfc062723c751e8b465ee728b)
Start importing Assets/Meshing/Prefabs/Clock.prefab using Guid(ad35b2aa1e9454a4a8e4d1ed47f72cd4) Importer(815301076,1909f56bfc062723c751e8b465ee728b)  -> (artifact id: 'f9a19da5c932f70c513737ea494adbe2') in 0.073840 seconds 
  Import took 0.079393 seconds .

========================================================================
Received Import Request.
  Time since last request: 0.000232 seconds.
  path: Assets/Meshing/Prefabs/SeatMeshPrefab.prefab
  artifactKey: Guid(b6bcddc2fa20648518ece1453f266be6) Importer(815301076,1909f56bfc062723c751e8b465ee728b)
Start importing Assets/Meshing/Prefabs/SeatMeshPrefab.prefab using Guid(b6bcddc2fa20648518ece1453f266be6) Importer(815301076,1909f56bfc062723c751e8b465ee728b)  -> (artifact id: 'c5b9157eb73b44bbd8018c595aae8c1b') in 0.005306 seconds 
  Import took 0.011672 seconds .

========================================================================
Received Import Request.
  Time since last request: 0.000236 seconds.
  path: Assets/Meshing/Prefabs/BaseMeshPrefab.prefab
  artifactKey: Guid(d8a1b933bc1ec417d855e41e0391b0b6) Importer(815301076,1909f56bfc062723c751e8b465ee728b)
Start importing Assets/Meshing/Prefabs/BaseMeshPrefab.prefab using Guid(d8a1b933bc1ec417d855e41e0391b0b6) Importer(815301076,1909f56bfc062723c751e8b465ee728b)  -> (artifact id: 'd6f2ffa8888a979ae1dde5f49c6452e8') in 0.004532 seconds 
  Import took 0.010976 seconds .

========================================================================
Received Prepare
Refreshing native plugins compatible for Editor in 10.03 ms, found 1 plugins.
Preloading 0 native plugins for Editor in 0.00 ms.
Unloading 11 Unused Serialized files (Serialized files now loaded: 0)
System memory in use before: 188.0 MB.
System memory in use after: 188.2 MB.

Unloading 11 unused Assets to reduce memory usage. Loaded Objects now: 4222.
Total: 9.494765 ms (FindLiveObjects: 0.409799 ms CreateObjectMapping: 0.172794 ms MarkObjects: 8.850149 ms  DeleteObjects: 0.061333 ms)

AssetImportParameters requested are different than current active one (requested -> active):
  custom:video-decoder-ogg-theora: a1e56fd34408186e4bbccfd4996cb3dc -> 
  custom:container-muxer-webm: aa71ff27fc2769a1b78a27578f13a17b -> 
  custom:container-demuxer-webm: 4f35f7cbe854078d1ac9338744f61a02 -> 
  custom:container-demuxer-ogg: 62fdf1f143b41e24485cea50d1cbac27 -> 
  custom:video-encoder-webm-vp8: eb34c28f22e8b96e1ab97ce403110664 -> 
  custom:framework-osx-AVFoundation: e770b220cccbd017edd2c1fefb359320 -> 
  custom:video-decoder-webm-vp8: 9c59270c3fd7afecdb556c50c9e8de78 -> 
  custom:audio-decoder-ogg-vorbis: bf7c407c2cedff20999df2af8eb42d56 -> 
  custom:audio-encoder-webm-vorbis: bf7c407c2cedff20999df2af8eb42d56 -> 
========================================================================
Received Import Request.
  Time since last request: 1074.566457 seconds.
  path: Assets/Meshing/Art/Materials/DoorMeshMat.mat
  artifactKey: Guid(06e1859300f434fffa9cae6680ab9821) Importer(815301076,1909f56bfc062723c751e8b465ee728b)
Start importing Assets/Meshing/Art/Materials/DoorMeshMat.mat using Guid(06e1859300f434fffa9cae6680ab9821) Importer(815301076,1909f56bfc062723c751e8b465ee728b)  -> (artifact id: 'cf96f0f7003ece80054e58fc62664c83') in 0.726462 seconds 
  Import took 0.733642 seconds .

========================================================================
Received Import Request.
  Time since last request: 27.294180 seconds.
  path: Assets/Meshing/Art/Materials/FloorMeshPrefab.mat
  artifactKey: Guid(0a162330eea684d04bc6b3bf45ea7cdb) Importer(815301076,1909f56bfc062723c751e8b465ee728b)
Start importing Assets/Meshing/Art/Materials/FloorMeshPrefab.mat using Guid(0a162330eea684d04bc6b3bf45ea7cdb) Importer(815301076,1909f56bfc062723c751e8b465ee728b)  -> (artifact id: 'bb2fb892e81d840f07c039941a751843') in 0.211634 seconds 
  Import took 0.217732 seconds .

========================================================================
Received Import Request.
  Time since last request: 87.800350 seconds.
  path: Assets/TextMesh Pro/Resources/Shaders/TMP_Bitmap-Mobile.shader
  artifactKey: Guid(1e3b057af24249748ff873be7fafee47) Importer(815301076,1909f56bfc062723c751e8b465ee728b)
Start importing Assets/TextMesh Pro/Resources/Shaders/TMP_Bitmap-Mobile.shader using Guid(1e3b057af24249748ff873be7fafee47) Importer(815301076,1909f56bfc062723c751e8b465ee728b)  -> (artifact id: 'fcf0dc3d59ab7feca4aa9563ab4c931e') in 0.158367 seconds 
  Import took 0.164790 seconds .

========================================================================
Received Import Request.
  Time since last request: 0.943989 seconds.
  path: Assets/TextMesh Pro/Resources/Shaders/TMP_Bitmap-Mobile.shader
  artifactKey: Guid(1e3b057af24249748ff873be7fafee47) Importer(815301076,1909f56bfc062723c751e8b465ee728b)
Start importing Assets/TextMesh Pro/Resources/Shaders/TMP_Bitmap-Mobile.shader using Guid(1e3b057af24249748ff873be7fafee47) Importer(815301076,1909f56bfc062723c751e8b465ee728b)  -> (artifact id: 'fcf0dc3d59ab7feca4aa9563ab4c931e') in 0.002401 seconds 
  Import took 0.008515 seconds .

========================================================================
Received Import Request.
  Time since last request: 0.142767 seconds.
  path: Assets/TextMesh Pro/Resources/Shaders/TMP_Bitmap-Custom-Atlas.shader
  artifactKey: Guid(48bb5f55d8670e349b6e614913f9d910) Importer(815301076,1909f56bfc062723c751e8b465ee728b)
Start importing Assets/TextMesh Pro/Resources/Shaders/TMP_Bitmap-Custom-Atlas.shader using Guid(48bb5f55d8670e349b6e614913f9d910) Importer(815301076,1909f56bfc062723c751e8b465ee728b)  -> (artifact id: '8e73b02e9234facb843ed385c1502fa3') in 0.003387 seconds 
  Import took 0.011347 seconds .

========================================================================
Received Import Request.
  Time since last request: 0.001172 seconds.
  path: Assets/TextMesh Pro/Resources/Shaders/TMP_Bitmap-Custom-Atlas.shader
  artifactKey: Guid(48bb5f55d8670e349b6e614913f9d910) Importer(815301076,1909f56bfc062723c751e8b465ee728b)
Start importing Assets/TextMesh Pro/Resources/Shaders/TMP_Bitmap-Custom-Atlas.shader using Guid(48bb5f55d8670e349b6e614913f9d910) Importer(815301076,1909f56bfc062723c751e8b465ee728b)  -> (artifact id: '8e73b02e9234facb843ed385c1502fa3') in 0.001944 seconds 
  Import took 0.008795 seconds .

========================================================================
Received Import Request.
  Time since last request: 0.810454 seconds.
  path: Assets/TextMesh Pro/Resources/Shaders/TMP_Bitmap.shader
  artifactKey: Guid(128e987d567d4e2c824d754223b3f3b0) Importer(815301076,1909f56bfc062723c751e8b465ee728b)
Start importing Assets/TextMesh Pro/Resources/Shaders/TMP_Bitmap.shader using Guid(128e987d567d4e2c824d754223b3f3b0) Importer(815301076,1909f56bfc062723c751e8b465ee728b)  -> (artifact id: '68d485b749fb9d9b45ff64ece84a8746') in 0.002120 seconds 
  Import took 0.008932 seconds .

